17:29:11 **** Incremental Build of project TP4Gui ****
make debug 
make -f Makefile.Debug
make[1] : on entre dans le répertoire « /home/etudiant/Bureau/TP4/TP4Gui »
g++ -c -pipe -g -Wall -W -D_REENTRANT -DQT_GUI_LIB -DQT_CORE_LIB -DQT_SHARED -I/usr/share/qt4/mkspecs/linux-g++ -I. -I/usr/include/qt4/QtCore -I/usr/include/qt4/QtGui -I/usr/include/qt4 -I../TP4Lib -Idebug -I. -o debug/ajouterpersonne.o ajouterpersonne.cpp
ajouterpersonne.cpp: In member function ‘void AjouterPersonne::validerFormulaire() const’:
ajouterpersonne.cpp:22:11: error: passing ‘const AjouterPersonne’ as ‘this’ argument discards qualifiers [-fpermissive]
    accept();
           ^
In file included from /usr/include/qt4/QtGui/QDialog:1:0,
                 from ajouterpersonne.h:4,
                 from ajouterpersonne.cpp:1:
/usr/include/qt4/QtGui/qdialog.h:102:18: note:   in call to ‘virtual void QDialog::accept()’
     virtual void accept();
                  ^
Makefile.Debug:224 : la recette pour la cible « debug/ajouterpersonne.o » a échouée
make[1]: *** [debug/ajouterpersonne.o] Erreur 1
make: *** [debug] Erreur 2
make[1] : on quitte le répertoire « /home/etudiant/Bureau/TP4/TP4Gui »
Makefile:50 : la recette pour la cible « debug » a échouée
17:30:13 **** Incremental Build of project TP4Gui ****
make debug 
make -f Makefile.Debug
make[1] : on entre dans le répertoire « /home/etudiant/Bureau/TP4/TP4Gui »
g++ -c -pipe -g -Wall -W -D_REENTRANT -DQT_GUI_LIB -DQT_CORE_LIB -DQT_SHARED -I/usr/share/qt4/mkspecs/linux-g++ -I. -I/usr/include/qt4/QtCore -I/usr/include/qt4/QtGui -I/usr/include/qt4 -I../TP4Lib -Idebug -I. -o debug/ajouterpersonne.o ajouterpersonne.cpp
ajouterpersonne.cpp: In member function ‘void AjouterPersonne::validerFormulaire() const’:
ajouterpersonne.cpp:23:11: error: passing ‘const AjouterPersonne’ as ‘this’ argument discards qualifiers [-fpermissive]
    accept();
           ^
In file included from /usr/include/qt4/QtGui/QDialog:1:0,
                 from ajouterpersonne.h:4,
                 from ajouterpersonne.cpp:1:
/usr/include/qt4/QtGui/qdialog.h:102:18: note:   in call to ‘virtual void QDialog::accept()’
     virtual void accept();
                  ^
make[1]: *** [debug/ajouterpersonne.o] Erreur 1
make: *** [debug] Erreur 2
Makefile.Debug:224 : la recette pour la cible « debug/ajouterpersonne.o » a échouée
make[1] : on quitte le répertoire « /home/etudiant/Bureau/TP4/TP4Gui »
Makefile:50 : la recette pour la cible « debug » a échouée
17:30:15 **** Incremental Build of configuration Debug for project TP4Lib ****
make all 
make: rien à faire pour « all ».
17:30:16 **** Incremental Build of configuration Debug for project TP4Test ****
make all 
make: rien à faire pour « all ».
17:30:16 **** Incremental Build of configuration Debug for project TP4main ****
make all 
make: rien à faire pour « all ».
17:30:17 **** Incremental Build of configuration Debug for project TestyFuck ****
make all 
make: rien à faire pour « all ».
17:31:50 **** Incremental Build of project TP4Gui ****
make debug 
make -f Makefile.Debug
make[1] : on entre dans le répertoire « /home/etudiant/Bureau/TP4/TP4Gui »
g++ -c -pipe -g -Wall -W -D_REENTRANT -DQT_GUI_LIB -DQT_CORE_LIB -DQT_SHARED -I/usr/share/qt4/mkspecs/linux-g++ -I. -I/usr/include/qt4/QtCore -I/usr/include/qt4/QtGui -I/usr/include/qt4 -I../TP4Lib -Idebug -I. -o debug/ajouterpersonne.o ajouterpersonne.cpp
ajouterpersonne.cpp:21:43: error: no ‘void AjouterPersonne::validerFormulaire() const’ member function declared in class ‘AjouterPersonne’
 void AjouterPersonne::validerFormulaire() const
                                           ^
Makefile.Debug:224 : la recette pour la cible « debug/ajouterpersonne.o » a échouée
make[1]: *** [debug/ajouterpersonne.o] Erreur 1
make[1] : on quitte le répertoire « /home/etudiant/Bureau/TP4/TP4Gui »
Makefile:50 : la recette pour la cible « debug » a échouée
make: *** [debug] Erreur 2
17:31:52 **** Incremental Build of configuration Debug for project TP4Lib ****
make all 
make: rien à faire pour « all ».
17:31:53 **** Incremental Build of configuration Debug for project TP4Test ****
make all 
make: rien à faire pour « all ».
17:31:55 **** Incremental Build of configuration Debug for project TP4main ****
make all 
make: rien à faire pour « all ».
17:31:55 **** Incremental Build of configuration Debug for project TestyFuck ****
make all 
make: rien à faire pour « all ».
17:32:03 **** Incremental Build of project TP4Gui ****
make debug 
make -f Makefile.Debug
make[1] : on entre dans le répertoire « /home/etudiant/Bureau/TP4/TP4Gui »
g++ -c -pipe -g -Wall -W -D_REENTRANT -DQT_GUI_LIB -DQT_CORE_LIB -DQT_SHARED -I/usr/share/qt4/mkspecs/linux-g++ -I. -I/usr/include/qt4/QtCore -I/usr/include/qt4/QtGui -I/usr/include/qt4 -I../TP4Lib -Idebug -I. -o debug/ajouterpersonne.o ajouterpersonne.cpp
g++ -c -pipe -g -Wall -W -D_REENTRANT -DQT_GUI_LIB -DQT_CORE_LIB -DQT_SHARED -I/usr/share/qt4/mkspecs/linux-g++ -I. -I/usr/include/qt4/QtCore -I/usr/include/qt4/QtGui -I/usr/include/qt4 -I../TP4Lib -Idebug -I. -o debug/tp4gui.o tp4gui.cpp
/usr/lib/i386-linux-gnu/qt4/bin/moc -DQT_GUI_LIB -DQT_CORE_LIB -DQT_SHARED -I/usr/share/qt4/mkspecs/linux-g++ -I. -I/usr/include/qt4/QtCore -I/usr/include/qt4/QtGui -I/usr/include/qt4 -I../TP4Lib -Idebug -I. ajouterpersonne.h -o debug/moc_ajouterpersonne.cpp
g++ -c -pipe -g -Wall -W -D_REENTRANT -DQT_GUI_LIB -DQT_CORE_LIB -DQT_SHARED -I/usr/share/qt4/mkspecs/linux-g++ -I. -I/usr/include/qt4/QtCore -I/usr/include/qt4/QtGui -I/usr/include/qt4 -I../TP4Lib -Idebug -I. -o debug/moc_ajouterpersonne.o debug/moc_ajouterpersonne.cpp
g++  -o TP4Gui debug/supprimerpersonne.o debug/ajouterentraineur.o debug/ajouterjoueur.o debug/ajouterpersonne.o debug/main.o debug/tp4gui.o debug/moc_supprimerpersonne.o debug/moc_ajouterentraineur.o debug/moc_ajouterjoueur.o debug/moc_ajouterpersonne.o debug/moc_tp4gui.o    -L/usr/lib/i386-linux-gnu ../TP4Lib/Debug/libTP4Lib.a -lQtGui -lQtCore -lpthread 
{ test -n "" && DESTDIR="" || DESTDIR=.; } && test $(gdb --version | sed -e 's,[^0-9][^0-9]*\([0-9]\)\.\([0-9]\).*,\1\2,;q') -gt 72 && gdb --nx --batch --quiet -ex 'set confirm off' -ex "save gdb-index $DESTDIR" -ex quit 'TP4Gui' && test -f TP4Gui.gdb-index && objcopy --add-section '.gdb_index=TP4Gui.gdb-index' --set-section-flags '.gdb_index=readonly' 'TP4Gui' 'TP4Gui' && rm -f TP4Gui.gdb-index || true
make[1] : on quitte le répertoire « /home/etudiant/Bureau/TP4/TP4Gui »
17:32:11 **** Incremental Build of configuration Debug for project TP4Lib ****
make all 
make: rien à faire pour « all ».
17:32:11 **** Incremental Build of configuration Debug for project TP4Test ****
make all 
make: rien à faire pour « all ».
17:32:12 **** Incremental Build of configuration Debug for project TP4main ****
make all 
make: rien à faire pour « all ».
17:32:12 **** Incremental Build of configuration Debug for project TestyFuck ****
make all 
make: rien à faire pour « all ».
17:34:25 **** Incremental Build of project TP4Gui ****
make debug 
make -f Makefile.Debug
make[1] : on entre dans le répertoire « /home/etudiant/Bureau/TP4/TP4Gui »
g++ -c -pipe -g -Wall -W -D_REENTRANT -DQT_GUI_LIB -DQT_CORE_LIB -DQT_SHARED -I/usr/share/qt4/mkspecs/linux-g++ -I. -I/usr/include/qt4/QtCore -I/usr/include/qt4/QtGui -I/usr/include/qt4 -I../TP4Lib -Idebug -I. -o debug/ajouterpersonne.o ajouterpersonne.cpp
g++  -o TP4Gui debug/supprimerpersonne.o debug/ajouterentraineur.o debug/ajouterjoueur.o debug/ajouterpersonne.o debug/main.o debug/tp4gui.o debug/moc_supprimerpersonne.o debug/moc_ajouterentraineur.o debug/moc_ajouterjoueur.o debug/moc_ajouterpersonne.o debug/moc_tp4gui.o    -L/usr/lib/i386-linux-gnu ../TP4Lib/Debug/libTP4Lib.a -lQtGui -lQtCore -lpthread 
{ test -n "" && DESTDIR="" || DESTDIR=.; } && test $(gdb --version | sed -e 's,[^0-9][^0-9]*\([0-9]\)\.\([0-9]\).*,\1\2,;q') -gt 72 && gdb --nx --batch --quiet -ex 'set confirm off' -ex "save gdb-index $DESTDIR" -ex quit 'TP4Gui' && test -f TP4Gui.gdb-index && objcopy --add-section '.gdb_index=TP4Gui.gdb-index' --set-section-flags '.gdb_index=readonly' 'TP4Gui' 'TP4Gui' && rm -f TP4Gui.gdb-index || true
make[1] : on quitte le répertoire « /home/etudiant/Bureau/TP4/TP4Gui »
17:34:34 **** Incremental Build of configuration Debug for project TP4Lib ****
make all 
make: rien à faire pour « all ».
17:34:34 **** Incremental Build of configuration Debug for project TP4Test ****
make all 
make: rien à faire pour « all ».
17:34:34 **** Incremental Build of configuration Debug for project TP4main ****
make all 
make: rien à faire pour « all ».
17:34:35 **** Incremental Build of configuration Debug for project TestyFuck ****
make all 
make: rien à faire pour « all ».
17:39:08 **** Incremental Build of project TP4Gui ****
make debug 
make -f Makefile.Debug
make[1] : on entre dans le répertoire « /home/etudiant/Bureau/TP4/TP4Gui »
g++ -c -pipe -g -Wall -W -D_REENTRANT -DQT_GUI_LIB -DQT_CORE_LIB -DQT_SHARED -I/usr/share/qt4/mkspecs/linux-g++ -I. -I/usr/include/qt4/QtCore -I/usr/include/qt4/QtGui -I/usr/include/qt4 -I../TP4Lib -Idebug -I. -o debug/ajouterpersonne.o ajouterpersonne.cpp
ajouterpersonne.cpp: In member function ‘void AjouterPersonne::validerFormulaire() const’:
ajouterpersonne.cpp:23:20: error: passing ‘const AjouterPersonne’ as ‘this’ argument discards qualifiers [-fpermissive]
    QDialog::accept();
                    ^
In file included from /usr/include/qt4/QtGui/QDialog:1:0,
                 from ajouterpersonne.h:4,
                 from ajouterpersonne.cpp:1:
/usr/include/qt4/QtGui/qdialog.h:102:18: note:   in call to ‘virtual void QDialog::accept()’
     virtual void accept();
                  ^
Makefile.Debug:224 : la recette pour la cible « debug/ajouterpersonne.o » a échouée
make[1]: *** [debug/ajouterpersonne.o] Erreur 1
make: *** [debug] Erreur 2
make[1] : on quitte le répertoire « /home/etudiant/Bureau/TP4/TP4Gui »
Makefile:50 : la recette pour la cible « debug » a échouée
17:39:11 **** Incremental Build of configuration Debug for project TP4Lib ****
make all 
make: rien à faire pour « all ».
17:39:11 **** Incremental Build of configuration Debug for project TP4Test ****
make all 
make: rien à faire pour « all ».
17:39:11 **** Incremental Build of configuration Debug for project TP4main ****
make all 
make: rien à faire pour « all ».
17:39:12 **** Incremental Build of configuration Debug for project TestyFuck ****
make all 
make: rien à faire pour « all ».
17:39:37 **** Incremental Build of project TP4Gui ****
make debug 
make -f Makefile.Debug
make[1] : on entre dans le répertoire « /home/etudiant/Bureau/TP4/TP4Gui »
g++ -c -pipe -g -Wall -W -D_REENTRANT -DQT_GUI_LIB -DQT_CORE_LIB -DQT_SHARED -I/usr/share/qt4/mkspecs/linux-g++ -I. -I/usr/include/qt4/QtCore -I/usr/include/qt4/QtGui -I/usr/include/qt4 -I../TP4Lib -Idebug -I. -o debug/ajouterpersonne.o ajouterpersonne.cpp
g++ -c -pipe -g -Wall -W -D_REENTRANT -DQT_GUI_LIB -DQT_CORE_LIB -DQT_SHARED -I/usr/share/qt4/mkspecs/linux-g++ -I. -I/usr/include/qt4/QtCore -I/usr/include/qt4/QtGui -I/usr/include/qt4 -I../TP4Lib -Idebug -I. -o debug/tp4gui.o tp4gui.cpp
/usr/lib/i386-linux-gnu/qt4/bin/moc -DQT_GUI_LIB -DQT_CORE_LIB -DQT_SHARED -I/usr/share/qt4/mkspecs/linux-g++ -I. -I/usr/include/qt4/QtCore -I/usr/include/qt4/QtGui -I/usr/include/qt4 -I../TP4Lib -Idebug -I. ajouterpersonne.h -o debug/moc_ajouterpersonne.cpp
g++ -c -pipe -g -Wall -W -D_REENTRANT -DQT_GUI_LIB -DQT_CORE_LIB -DQT_SHARED -I/usr/share/qt4/mkspecs/linux-g++ -I. -I/usr/include/qt4/QtCore -I/usr/include/qt4/QtGui -I/usr/include/qt4 -I../TP4Lib -Idebug -I. -o debug/moc_ajouterpersonne.o debug/moc_ajouterpersonne.cpp
g++  -o TP4Gui debug/supprimerpersonne.o debug/ajouterentraineur.o debug/ajouterjoueur.o debug/ajouterpersonne.o debug/main.o debug/tp4gui.o debug/moc_supprimerpersonne.o debug/moc_ajouterentraineur.o debug/moc_ajouterjoueur.o debug/moc_ajouterpersonne.o debug/moc_tp4gui.o    -L/usr/lib/i386-linux-gnu ../TP4Lib/Debug/libTP4Lib.a -lQtGui -lQtCore -lpthread 
{ test -n "" && DESTDIR="" || DESTDIR=.; } && test $(gdb --version | sed -e 's,[^0-9][^0-9]*\([0-9]\)\.\([0-9]\).*,\1\2,;q') -gt 72 && gdb --nx --batch --quiet -ex 'set confirm off' -ex "save gdb-index $DESTDIR" -ex quit 'TP4Gui' && test -f TP4Gui.gdb-index && objcopy --add-section '.gdb_index=TP4Gui.gdb-index' --set-section-flags '.gdb_index=readonly' 'TP4Gui' 'TP4Gui' && rm -f TP4Gui.gdb-index || true
make[1] : on quitte le répertoire « /home/etudiant/Bureau/TP4/TP4Gui »
17:39:45 **** Incremental Build of configuration Debug for project TP4Lib ****
make all 
make: rien à faire pour « all ».
17:39:46 **** Incremental Build of configuration Debug for project TP4Test ****
make all 
make: rien à faire pour « all ».
17:39:46 **** Incremental Build of configuration Debug for project TP4main ****
make all 
make: rien à faire pour « all ».
17:39:46 **** Incremental Build of configuration Debug for project TestyFuck ****
make all 
make: rien à faire pour « all ».
17:44:44 **** Incremental Build of project TP4Gui ****
make debug 
make -f Makefile.Debug
make[1] : on entre dans le répertoire « /home/etudiant/Bureau/TP4/TP4Gui »
g++ -c -pipe -g -Wall -W -D_REENTRANT -DQT_GUI_LIB -DQT_CORE_LIB -DQT_SHARED -I/usr/share/qt4/mkspecs/linux-g++ -I. -I/usr/include/qt4/QtCore -I/usr/include/qt4/QtGui -I/usr/include/qt4 -I../TP4Lib -Idebug -I. -o debug/ajouterpersonne.o ajouterpersonne.cpp
g++  -o TP4Gui debug/supprimerpersonne.o debug/ajouterentraineur.o debug/ajouterjoueur.o debug/ajouterpersonne.o debug/main.o debug/tp4gui.o debug/moc_supprimerpersonne.o debug/moc_ajouterentraineur.o debug/moc_ajouterjoueur.o debug/moc_ajouterpersonne.o debug/moc_tp4gui.o    -L/usr/lib/i386-linux-gnu ../TP4Lib/Debug/libTP4Lib.a -lQtGui -lQtCore -lpthread 
{ test -n "" && DESTDIR="" || DESTDIR=.; } && test $(gdb --version | sed -e 's,[^0-9][^0-9]*\([0-9]\)\.\([0-9]\).*,\1\2,;q') -gt 72 && gdb --nx --batch --quiet -ex 'set confirm off' -ex "save gdb-index $DESTDIR" -ex quit 'TP4Gui' && test -f TP4Gui.gdb-index && objcopy --add-section '.gdb_index=TP4Gui.gdb-index' --set-section-flags '.gdb_index=readonly' 'TP4Gui' 'TP4Gui' && rm -f TP4Gui.gdb-index || true
make[1] : on quitte le répertoire « /home/etudiant/Bureau/TP4/TP4Gui »
17:44:47 **** Incremental Build of configuration Debug for project TP4Lib ****
make all 
make: rien à faire pour « all ».
17:44:48 **** Incremental Build of configuration Debug for project TP4Test ****
make all 
make: rien à faire pour « all ».
17:44:48 **** Incremental Build of configuration Debug for project TP4main ****
make all 
make: rien à faire pour « all ».
17:44:48 **** Incremental Build of configuration Debug for project TestyFuck ****
make all 
make: rien à faire pour « all ».
17:48:03 **** Incremental Build of project TP4Gui ****
make debug 
make -f Makefile.Debug
make[1] : on entre dans le répertoire « /home/etudiant/Bureau/TP4/TP4Gui »
g++ -c -pipe -g -Wall -W -D_REENTRANT -DQT_GUI_LIB -DQT_CORE_LIB -DQT_SHARED -I/usr/share/qt4/mkspecs/linux-g++ -I. -I/usr/include/qt4/QtCore -I/usr/include/qt4/QtGui -I/usr/include/qt4 -I../TP4Lib -Idebug -I. -o debug/tp4gui.o tp4gui.cpp
tp4gui.cpp: In member function ‘void TP4Gui::AjouterJoueurfct()’:
tp4gui.cpp:54:4: error: ‘AjouterJoueur’ was not declared in this scope
    AjouterJoueur instanceFenetre(this);
    ^
tp4gui.cpp:55:7: error: ‘instanceFenetre’ was not declared in this scope
    if(instanceFenetre.exec())
       ^
make[1]: *** [debug/tp4gui.o] Erreur 1
Makefile.Debug:236 : la recette pour la cible « debug/tp4gui.o » a échouée
make: *** [debug] Erreur 2
make[1] : on quitte le répertoire « /home/etudiant/Bureau/TP4/TP4Gui »
Makefile:50 : la recette pour la cible « debug » a échouée
17:48:05 **** Incremental Build of configuration Debug for project TP4Lib ****
make all 
make: rien à faire pour « all ».
17:48:06 **** Incremental Build of configuration Debug for project TP4Test ****
make all 
make: rien à faire pour « all ».
17:48:07 **** Incremental Build of configuration Debug for project TP4main ****
make all 
make: rien à faire pour « all ».
17:48:07 **** Incremental Build of configuration Debug for project TestyFuck ****
make all 
make: rien à faire pour « all ».
17:48:46 **** Incremental Build of project TP4Gui ****
make debug 
make -f Makefile.Debug
make[1] : on entre dans le répertoire « /home/etudiant/Bureau/TP4/TP4Gui »
g++ -c -pipe -g -Wall -W -D_REENTRANT -DQT_GUI_LIB -DQT_CORE_LIB -DQT_SHARED -I/usr/share/qt4/mkspecs/linux-g++ -I. -I/usr/include/qt4/QtCore -I/usr/include/qt4/QtGui -I/usr/include/qt4 -I../TP4Lib -Idebug -I. -o debug/tp4gui.o tp4gui.cpp
g++  -o TP4Gui debug/supprimerpersonne.o debug/ajouterentraineur.o debug/ajouterjoueur.o debug/ajouterpersonne.o debug/main.o debug/tp4gui.o debug/moc_supprimerpersonne.o debug/moc_ajouterentraineur.o debug/moc_ajouterjoueur.o debug/moc_ajouterpersonne.o debug/moc_tp4gui.o    -L/usr/lib/i386-linux-gnu ../TP4Lib/Debug/libTP4Lib.a -lQtGui -lQtCore -lpthread 
{ test -n "" && DESTDIR="" || DESTDIR=.; } && test $(gdb --version | sed -e 's,[^0-9][^0-9]*\([0-9]\)\.\([0-9]\).*,\1\2,;q') -gt 72 && gdb --nx --batch --quiet -ex 'set confirm off' -ex "save gdb-index $DESTDIR" -ex quit 'TP4Gui' && test -f TP4Gui.gdb-index && objcopy --add-section '.gdb_index=TP4Gui.gdb-index' --set-section-flags '.gdb_index=readonly' 'TP4Gui' 'TP4Gui' && rm -f TP4Gui.gdb-index || true
make[1] : on quitte le répertoire « /home/etudiant/Bureau/TP4/TP4Gui »
17:48:49 **** Incremental Build of configuration Debug for project TP4Lib ****
make all 
make: rien à faire pour « all ».
17:48:50 **** Incremental Build of configuration Debug for project TP4Test ****
make all 
make: rien à faire pour « all ».
17:48:50 **** Incremental Build of configuration Debug for project TP4main ****
make all 
make: rien à faire pour « all ».
17:48:50 **** Incremental Build of configuration Debug for project TestyFuck ****
make all 
make: rien à faire pour « all ».
