16:58:11 **** Build of configuration Debug for project Lab9Lib ****
make all 
Building file: ../ContratException.cpp
Invoking: GCC C++ Compiler
g++ -std=c++1y -O0 -g3 -Wall -c -fmessage-length=0 -MMD -MP -MF"ContratException.d" -MT"ContratException.o" -o "ContratException.o" "../ContratException.cpp"
Finished building: ../ContratException.cpp
 
Building file: ../Date.cpp
Invoking: GCC C++ Compiler
g++ -std=c++1y -O0 -g3 -Wall -c -fmessage-length=0 -MMD -MP -MF"Date.d" -MT"Date.o" -o "Date.o" "../Date.cpp"
Finished building: ../Date.cpp
 
Building file: ../Employe.cpp
Invoking: GCC C++ Compiler
g++ -std=c++1y -O0 -g3 -Wall -c -fmessage-length=0 -MMD -MP -MF"Employe.d" -MT"Employe.o" -o "Employe.o" "../Employe.cpp"
Finished building: ../Employe.cpp
 
Building file: ../EmployeCommission.cpp
Invoking: GCC C++ Compiler
g++ -std=c++1y -O0 -g3 -Wall -c -fmessage-length=0 -MMD -MP -MF"EmployeCommission.d" -MT"EmployeCommission.o" -o "EmployeCommission.o" "../EmployeCommission.cpp"
Finished building: ../EmployeCommission.cpp
 
Building file: ../EmployeHoraire.cpp
Invoking: GCC C++ Compiler
g++ -std=c++1y -O0 -g3 -Wall -c -fmessage-length=0 -MMD -MP -MF"EmployeHoraire.d" -MT"EmployeHoraire.o" -o "EmployeHoraire.o" "../EmployeHoraire.cpp"
Finished building: ../EmployeHoraire.cpp
 
Building file: ../Patron.cpp
Invoking: GCC C++ Compiler
g++ -std=c++1y -O0 -g3 -Wall -c -fmessage-length=0 -MMD -MP -MF"Patron.d" -MT"Patron.o" -o "Patron.o" "../Patron.cpp"
Finished building: ../Patron.cpp
 
Building target: libLab9Lib.a
Invoking: GCC Archiver
ar -r  "libLab9Lib.a"  ./ContratException.o ./Date.o ./Employe.o ./EmployeCommission.o ./EmployeHoraire.o ./Patron.o   
ar: création de libLab9Lib.a
Finished building target: libLab9Lib.a
 

16:58:23 Build Finished (took 11s.586ms)

